2024-03-09 23:50:51,825 - Приложение было перезапущено
2024-03-09 23:50:52,019 - Bot: Test_Burlakoff_bot [@Bot_Burlakoff_bot]
2024-03-09 23:50:52,144 - Updates were skipped successfully.
2024-03-09 23:50:52,144 - Start polling.
2024-03-09 23:51:04,737 - Task exception was never retrieved
future: <Task finished name='Task-9' coro=<Dispatcher._process_polling_updates() done, defined at /home/valery/Рабочий стол/Diplom/Final_Thesis_Collection_of_coins/venv/lib/python3.10/site-packages/aiogram/dispatcher/dispatcher.py:407> exception=BadRequest('Message must be non-empty')>
Traceback (most recent call last):
  File "/home/valery/Рабочий стол/Diplom/Final_Thesis_Collection_of_coins/venv/lib/python3.10/site-packages/aiogram/dispatcher/dispatcher.py", line 415, in _process_polling_updates
    for responses in itertools.chain.from_iterable(await self.process_updates(updates, fast)):
  File "/home/valery/Рабочий стол/Diplom/Final_Thesis_Collection_of_coins/venv/lib/python3.10/site-packages/aiogram/dispatcher/dispatcher.py", line 235, in process_updates
    return await asyncio.gather(*tasks)
  File "/home/valery/Рабочий стол/Diplom/Final_Thesis_Collection_of_coins/venv/lib/python3.10/site-packages/aiogram/dispatcher/handler.py", line 117, in notify
    response = await handler_obj.handler(*args, **partial_data)
  File "/home/valery/Рабочий стол/Diplom/Final_Thesis_Collection_of_coins/venv/lib/python3.10/site-packages/aiogram/dispatcher/dispatcher.py", line 256, in process_update
    return await self.message_handlers.notify(update.message)
  File "/home/valery/Рабочий стол/Diplom/Final_Thesis_Collection_of_coins/venv/lib/python3.10/site-packages/aiogram/dispatcher/handler.py", line 117, in notify
    response = await handler_obj.handler(*args, **partial_data)
  File "/home/valery/Рабочий стол/Diplom/Final_Thesis_Collection_of_coins/bot/command_start.py", line 14, in start
    await message.answer(" ", reply_markup=types.ReplyKeyboardRemove())
  File "/home/valery/Рабочий стол/Diplom/Final_Thesis_Collection_of_coins/venv/lib/python3.10/site-packages/aiogram/types/message.py", line 430, in answer
    return await self.bot.send_message(
  File "/home/valery/Рабочий стол/Diplom/Final_Thesis_Collection_of_coins/venv/lib/python3.10/site-packages/aiogram/bot/bot.py", line 346, in send_message
    result = await self.request(api.Methods.SEND_MESSAGE, payload)
  File "/home/valery/Рабочий стол/Diplom/Final_Thesis_Collection_of_coins/venv/lib/python3.10/site-packages/aiogram/bot/base.py", line 236, in request
    return await api.make_request(await self.get_session(), self.server, self.__token, method, data, files,
  File "/home/valery/Рабочий стол/Diplom/Final_Thesis_Collection_of_coins/venv/lib/python3.10/site-packages/aiogram/bot/api.py", line 140, in make_request
    return check_result(method, response.content_type, response.status, await response.text())
  File "/home/valery/Рабочий стол/Diplom/Final_Thesis_Collection_of_coins/venv/lib/python3.10/site-packages/aiogram/bot/api.py", line 115, in check_result
    exceptions.BadRequest.detect(description)
  File "/home/valery/Рабочий стол/Diplom/Final_Thesis_Collection_of_coins/venv/lib/python3.10/site-packages/aiogram/utils/exceptions.py", line 141, in detect
    raise cls(description)
aiogram.utils.exceptions.BadRequest: Message must be non-empty
2024-03-09 23:51:19,632 - Stop polling...
2024-03-09 23:51:19,633 - Goodbye!
2024-03-09 23:51:20,335 - Приложение было перезапущено
2024-03-09 23:51:20,867 - Bot: Test_Burlakoff_bot [@Bot_Burlakoff_bot]
2024-03-09 23:51:20,990 - Updates were skipped successfully.
2024-03-09 23:51:20,991 - Start polling.
2024-03-09 23:51:43,273 - Пользователь wogl_1337 выбрал команду /help
2024-03-09 23:51:43,375 - команда /help отработана
2024-03-09 23:51:53,529 - Пользователь wogl_1337 выбрал команду /help
2024-03-09 23:51:53,605 - команда /help отработана
2024-03-09 23:52:01,610 - Пользователь wogl_1337 выбрал команду /help
2024-03-09 23:52:01,699 - команда /help отработана
2024-03-09 23:52:06,342 - Пользователь wogl_1337 выбрал команду /help
2024-03-09 23:52:06,435 - команда /help отработана
2024-03-09 23:52:07,369 - Пользователь wogl_1337 выбрал команду /show_collection
2024-03-09 23:52:07,430 - Task exception was never retrieved
future: <Task finished name='Task-57' coro=<Dispatcher._process_polling_updates() done, defined at /home/valery/Рабочий стол/Diplom/Final_Thesis_Collection_of_coins/venv/lib/python3.10/site-packages/aiogram/dispatcher/dispatcher.py:407> exception=BadRequest('Message must be non-empty')>
Traceback (most recent call last):
  File "/home/valery/Рабочий стол/Diplom/Final_Thesis_Collection_of_coins/venv/lib/python3.10/site-packages/aiogram/dispatcher/dispatcher.py", line 415, in _process_polling_updates
    for responses in itertools.chain.from_iterable(await self.process_updates(updates, fast)):
  File "/home/valery/Рабочий стол/Diplom/Final_Thesis_Collection_of_coins/venv/lib/python3.10/site-packages/aiogram/dispatcher/dispatcher.py", line 235, in process_updates
    return await asyncio.gather(*tasks)
  File "/home/valery/Рабочий стол/Diplom/Final_Thesis_Collection_of_coins/venv/lib/python3.10/site-packages/aiogram/dispatcher/handler.py", line 117, in notify
    response = await handler_obj.handler(*args, **partial_data)
  File "/home/valery/Рабочий стол/Diplom/Final_Thesis_Collection_of_coins/venv/lib/python3.10/site-packages/aiogram/dispatcher/dispatcher.py", line 256, in process_update
    return await self.message_handlers.notify(update.message)
  File "/home/valery/Рабочий стол/Diplom/Final_Thesis_Collection_of_coins/venv/lib/python3.10/site-packages/aiogram/dispatcher/handler.py", line 117, in notify
    response = await handler_obj.handler(*args, **partial_data)
  File "/home/valery/Рабочий стол/Diplom/Final_Thesis_Collection_of_coins/collection/show_collection.py", line 15, in show
    await message.answer(" ", reply_markup=types.ReplyKeyboardRemove())
  File "/home/valery/Рабочий стол/Diplom/Final_Thesis_Collection_of_coins/venv/lib/python3.10/site-packages/aiogram/types/message.py", line 430, in answer
    return await self.bot.send_message(
  File "/home/valery/Рабочий стол/Diplom/Final_Thesis_Collection_of_coins/venv/lib/python3.10/site-packages/aiogram/bot/bot.py", line 346, in send_message
    result = await self.request(api.Methods.SEND_MESSAGE, payload)
  File "/home/valery/Рабочий стол/Diplom/Final_Thesis_Collection_of_coins/venv/lib/python3.10/site-packages/aiogram/bot/base.py", line 236, in request
    return await api.make_request(await self.get_session(), self.server, self.__token, method, data, files,
  File "/home/valery/Рабочий стол/Diplom/Final_Thesis_Collection_of_coins/venv/lib/python3.10/site-packages/aiogram/bot/api.py", line 140, in make_request
    return check_result(method, response.content_type, response.status, await response.text())
  File "/home/valery/Рабочий стол/Diplom/Final_Thesis_Collection_of_coins/venv/lib/python3.10/site-packages/aiogram/bot/api.py", line 115, in check_result
    exceptions.BadRequest.detect(description)
  File "/home/valery/Рабочий стол/Diplom/Final_Thesis_Collection_of_coins/venv/lib/python3.10/site-packages/aiogram/utils/exceptions.py", line 141, in detect
    raise cls(description)
aiogram.utils.exceptions.BadRequest: Message must be non-empty
2024-03-09 23:52:10,918 - Пользователь wogl_1337 выбрал команду /show_collection
2024-03-09 23:52:10,973 - Task exception was never retrieved
future: <Task finished name='Task-61' coro=<Dispatcher._process_polling_updates() done, defined at /home/valery/Рабочий стол/Diplom/Final_Thesis_Collection_of_coins/venv/lib/python3.10/site-packages/aiogram/dispatcher/dispatcher.py:407> exception=BadRequest('Message must be non-empty')>
Traceback (most recent call last):
  File "/home/valery/Рабочий стол/Diplom/Final_Thesis_Collection_of_coins/venv/lib/python3.10/site-packages/aiogram/dispatcher/dispatcher.py", line 415, in _process_polling_updates
    for responses in itertools.chain.from_iterable(await self.process_updates(updates, fast)):
  File "/home/valery/Рабочий стол/Diplom/Final_Thesis_Collection_of_coins/venv/lib/python3.10/site-packages/aiogram/dispatcher/dispatcher.py", line 235, in process_updates
    return await asyncio.gather(*tasks)
  File "/home/valery/Рабочий стол/Diplom/Final_Thesis_Collection_of_coins/venv/lib/python3.10/site-packages/aiogram/dispatcher/handler.py", line 117, in notify
    response = await handler_obj.handler(*args, **partial_data)
  File "/home/valery/Рабочий стол/Diplom/Final_Thesis_Collection_of_coins/venv/lib/python3.10/site-packages/aiogram/dispatcher/dispatcher.py", line 256, in process_update
    return await self.message_handlers.notify(update.message)
  File "/home/valery/Рабочий стол/Diplom/Final_Thesis_Collection_of_coins/venv/lib/python3.10/site-packages/aiogram/dispatcher/handler.py", line 117, in notify
    response = await handler_obj.handler(*args, **partial_data)
  File "/home/valery/Рабочий стол/Diplom/Final_Thesis_Collection_of_coins/collection/show_collection.py", line 15, in show
    await message.answer(" ", reply_markup=types.ReplyKeyboardRemove())
  File "/home/valery/Рабочий стол/Diplom/Final_Thesis_Collection_of_coins/venv/lib/python3.10/site-packages/aiogram/types/message.py", line 430, in answer
    return await self.bot.send_message(
  File "/home/valery/Рабочий стол/Diplom/Final_Thesis_Collection_of_coins/venv/lib/python3.10/site-packages/aiogram/bot/bot.py", line 346, in send_message
    result = await self.request(api.Methods.SEND_MESSAGE, payload)
  File "/home/valery/Рабочий стол/Diplom/Final_Thesis_Collection_of_coins/venv/lib/python3.10/site-packages/aiogram/bot/base.py", line 236, in request
    return await api.make_request(await self.get_session(), self.server, self.__token, method, data, files,
  File "/home/valery/Рабочий стол/Diplom/Final_Thesis_Collection_of_coins/venv/lib/python3.10/site-packages/aiogram/bot/api.py", line 140, in make_request
    return check_result(method, response.content_type, response.status, await response.text())
  File "/home/valery/Рабочий стол/Diplom/Final_Thesis_Collection_of_coins/venv/lib/python3.10/site-packages/aiogram/bot/api.py", line 115, in check_result
    exceptions.BadRequest.detect(description)
  File "/home/valery/Рабочий стол/Diplom/Final_Thesis_Collection_of_coins/venv/lib/python3.10/site-packages/aiogram/utils/exceptions.py", line 141, in detect
    raise cls(description)
aiogram.utils.exceptions.BadRequest: Message must be non-empty
2024-03-09 23:52:28,023 - Stop polling...
2024-03-09 23:52:28,023 - Goodbye!
2024-03-09 23:52:28,699 - Приложение было перезапущено
2024-03-09 23:52:33,906 - Bot: Test_Burlakoff_bot [@Bot_Burlakoff_bot]
2024-03-09 23:52:34,026 - Updates were skipped successfully.
2024-03-09 23:52:34,026 - Start polling.
2024-03-09 23:52:36,561 - Пользователь wogl_1337 выбрал команду /help
2024-03-09 23:52:36,815 - команда /help отработана
2024-03-09 23:52:37,773 - Пользователь wogl_1337 выбрал команду /show_collection
2024-03-09 23:52:53,688 - команда /show_collection отработана
2024-03-09 23:54:22,562 - Stop polling...
2024-03-09 23:54:22,562 - Goodbye!
2024-03-09 23:54:23,440 - Приложение было перезапущено
2024-03-09 23:54:23,646 - Bot: Test_Burlakoff_bot [@Bot_Burlakoff_bot]
2024-03-09 23:54:23,781 - Updates were skipped successfully.
2024-03-09 23:54:23,782 - Start polling.
2024-03-09 23:54:34,872 - Пользователь wogl_1337 выбрал команду /show_collection
2024-03-09 23:54:35,124 - команда /start отработана
2024-03-09 23:54:44,946 - Пользователь wogl_1337 выбрал команду /help
2024-03-09 23:54:45,028 - команда /help отработана
2024-03-09 23:54:55,297 - Пользователь wogl_1337 выбрал команду /help
2024-03-09 23:54:55,399 - команда /help отработана
2024-03-09 23:54:56,499 - Пользователь wogl_1337 выбрал команду /show_collection
2024-03-09 23:54:56,855 - команда /start отработана
2024-03-10 00:42:50,368 - Stop polling...
2024-03-10 00:42:50,370 - Goodbye!
2024-03-10 00:42:51,164 - Приложение было перезапущено
2024-03-10 00:42:51,399 - Bot: Test_Burlakoff_bot [@Bot_Burlakoff_bot]
2024-03-10 00:42:51,519 - Updates were skipped successfully.
2024-03-10 00:42:51,519 - Start polling.
2024-03-10 00:42:59,830 - Пользователь wogl_1337 выбрал команду /help
2024-03-10 00:42:59,913 - команда /help отработана
2024-03-10 00:43:06,753 - Пользователь wogl_1337 выбрал команду /add_coin
2024-03-10 00:43:06,753 - Ошибка в обработке команды /add_coin: 'User' object has no attribute 'idf'
2024-03-10 00:55:12,036 - Stop polling...
2024-03-10 00:55:12,037 - Goodbye!
2024-03-10 00:55:13,257 - Приложение было перезапущено
2024-03-10 00:55:13,463 - Bot: Test_Burlakoff_bot [@Bot_Burlakoff_bot]
2024-03-10 00:55:13,624 - Updates were skipped successfully.
2024-03-10 00:55:13,624 - Start polling.
2024-03-10 00:55:18,706 - Пользователь wogl_1337 выбрал команду /help
2024-03-10 00:55:18,798 - команда /help отработана
2024-03-10 00:55:21,971 - Пользователь wogl_1337 выбрал команду /help
2024-03-10 00:55:22,058 - команда /help отработана
2024-03-10 00:55:50,645 - Stop polling...
2024-03-10 00:55:50,645 - Goodbye!
2024-03-10 00:55:51,320 - Приложение было перезапущено
2024-03-10 00:55:51,519 - Bot: Test_Burlakoff_bot [@Bot_Burlakoff_bot]
2024-03-10 00:55:51,635 - Updates were skipped successfully.
2024-03-10 00:55:51,635 - Start polling.
2024-03-10 00:55:54,659 - Пользователь wogl_1337 выбрал команду /show_collection
2024-03-10 00:55:54,828 - команда /start отработана
2024-03-10 00:55:56,863 - Пользователь wogl_1337 выбрал команду /help
2024-03-10 00:55:57,019 - команда /help отработана
2024-03-10 00:56:02,063 - Пользователь wogl_1337 выбрал команду /show_collection
2024-03-10 00:56:04,590 - команда /show_collection отработана
2024-03-10 00:56:08,597 - Пользователь wogl_1337 выбрал команду /show_collection
2024-03-10 00:56:11,725 - команда /show_collection отработана
2024-03-10 15:34:11,089 - Cause exception while getting updates.
Traceback (most recent call last):
  File "/home/valery/Рабочий стол/Diplom/Final_Thesis_Collection_of_coins/venv/lib/python3.10/site-packages/aiogram/dispatcher/dispatcher.py", line 381, in start_polling
    updates = await self.bot.get_updates(
  File "/home/valery/Рабочий стол/Diplom/Final_Thesis_Collection_of_coins/venv/lib/python3.10/site-packages/aiogram/bot/bot.py", line 110, in get_updates
    result = await self.request(api.Methods.GET_UPDATES, payload)
  File "/home/valery/Рабочий стол/Diplom/Final_Thesis_Collection_of_coins/venv/lib/python3.10/site-packages/aiogram/bot/base.py", line 236, in request
    return await api.make_request(await self.get_session(), self.server, self.__token, method, data, files,
  File "/home/valery/Рабочий стол/Diplom/Final_Thesis_Collection_of_coins/venv/lib/python3.10/site-packages/aiogram/bot/api.py", line 139, in make_request
    async with session.post(url, data=req, **kwargs) as response:
  File "/home/valery/Рабочий стол/Diplom/Final_Thesis_Collection_of_coins/venv/lib/python3.10/site-packages/aiohttp/client.py", line 1141, in __aenter__
    self._resp = await self._coro
  File "/home/valery/Рабочий стол/Diplom/Final_Thesis_Collection_of_coins/venv/lib/python3.10/site-packages/aiohttp/client.py", line 560, in _request
    await resp.start(conn)
  File "/home/valery/Рабочий стол/Diplom/Final_Thesis_Collection_of_coins/venv/lib/python3.10/site-packages/aiohttp/client_reqrep.py", line 894, in start
    with self._timer:
  File "/home/valery/Рабочий стол/Diplom/Final_Thesis_Collection_of_coins/venv/lib/python3.10/site-packages/aiohttp/helpers.py", line 721, in __exit__
    raise asyncio.TimeoutError from None
asyncio.exceptions.TimeoutError
2024-03-12 00:33:04,470 - Приложение было перезапущено
2024-03-12 00:33:04,674 - Bot: Test_Burlakoff_bot [@Bot_Burlakoff_bot]
2024-03-12 00:33:04,798 - Updates were skipped successfully.
2024-03-12 00:33:04,798 - Start polling.
2024-03-12 00:33:10,064 - Пользователь wogl_1337 выбрал команду /help
2024-03-12 00:33:10,149 - команда /help отработана
2024-03-12 00:33:12,386 - Пользователь wogl_1337 выбрал команду /remove_coin
2024-03-12 00:37:03,278 - Stop polling...
2024-03-12 00:37:03,279 - Goodbye!
2024-03-12 00:38:46,067 - Приложение было перезапущено
2024-03-12 00:38:46,265 - Bot: Test_Burlakoff_bot [@Bot_Burlakoff_bot]
2024-03-12 00:38:46,384 - Updates were skipped successfully.
2024-03-12 00:38:46,385 - Start polling.
2024-03-12 00:38:50,798 - Пользователь wogl_1337 выбрал команду /help
2024-03-12 00:38:50,896 - команда /help отработана
2024-03-12 00:38:52,534 - Пользователь wogl_1337 выбрал команду /remove_coin
2024-03-12 00:43:28,737 - Stop polling...
2024-03-12 00:43:28,738 - Goodbye!
2024-03-12 00:43:29,925 - Приложение было перезапущено
2024-03-12 00:43:30,147 - Bot: Test_Burlakoff_bot [@Bot_Burlakoff_bot]
2024-03-12 00:43:30,268 - Updates were skipped successfully.
2024-03-12 00:43:30,269 - Start polling.
2024-03-12 00:43:32,174 - Пользователь wogl_1337 выбрал команду /help
2024-03-12 00:43:32,262 - команда /help отработана
2024-03-12 00:43:34,004 - Пользователь wogl_1337 выбрал команду /remove_coin
2024-03-12 00:46:25,620 - Stop polling...
2024-03-12 00:46:25,624 - Goodbye!
2024-03-12 00:46:26,423 - Приложение было перезапущено
2024-03-12 00:46:26,656 - Bot: Test_Burlakoff_bot [@Bot_Burlakoff_bot]
2024-03-12 00:46:26,782 - Updates were skipped successfully.
2024-03-12 00:46:26,782 - Start polling.
2024-03-12 00:46:30,556 - Stop polling...
2024-03-12 00:46:30,557 - Goodbye!
2024-03-12 00:46:31,248 - Приложение было перезапущено
2024-03-12 00:46:31,440 - Bot: Test_Burlakoff_bot [@Bot_Burlakoff_bot]
2024-03-12 00:46:31,609 - Updates were skipped successfully.
2024-03-12 00:46:31,609 - Start polling.
2024-03-12 00:46:38,129 - команда /show_collection отработана
2024-03-12 00:50:14,620 - Stop polling...
2024-03-12 00:50:14,621 - Goodbye!
2024-03-12 00:50:15,358 - Приложение было перезапущено
2024-03-12 00:50:15,588 - Bot: Test_Burlakoff_bot [@Bot_Burlakoff_bot]
2024-03-12 00:50:15,730 - Updates were skipped successfully.
2024-03-12 00:50:15,730 - Start polling.
2024-03-12 00:50:38,667 - Stop polling...
2024-03-12 00:50:38,668 - Goodbye!
2024-03-12 00:50:39,439 - Приложение было перезапущено
2024-03-12 00:50:39,642 - Bot: Test_Burlakoff_bot [@Bot_Burlakoff_bot]
2024-03-12 00:50:39,770 - Updates were skipped successfully.
2024-03-12 00:50:39,770 - Start polling.
2024-03-12 00:50:53,893 - Stop polling...
2024-03-12 00:50:53,894 - Goodbye!
2024-03-12 00:50:54,596 - Приложение было перезапущено
2024-03-12 00:50:54,806 - Bot: Test_Burlakoff_bot [@Bot_Burlakoff_bot]
2024-03-12 00:50:54,925 - Updates were skipped successfully.
2024-03-12 00:50:54,925 - Start polling.
2024-03-12 00:50:58,638 - Пользователь wogl_1337 выбрал команду /help
2024-03-12 00:50:58,720 - команда /help отработана
2024-03-12 00:51:03,896 - команда /show_collection отработана
2024-03-12 00:53:01,417 - Stop polling...
2024-03-12 00:53:01,418 - Goodbye!
2024-03-12 00:53:02,187 - Приложение было перезапущено
2024-03-12 00:53:02,417 - Bot: Test_Burlakoff_bot [@Bot_Burlakoff_bot]
2024-03-12 00:53:02,542 - Updates were skipped successfully.
2024-03-12 00:53:02,542 - Start polling.
2024-03-12 00:53:09,407 - Ошибка при удалении выбранной монеты: 1292 (22007): Truncated incorrect DOUBLE value: 'Two_Пять рублей_2020_7_Отличное'
2024-03-12 00:56:38,613 - Stop polling...
2024-03-12 00:56:38,614 - Goodbye!
2024-03-12 00:56:39,415 - Приложение было перезапущено
2024-03-12 00:56:39,665 - Bot: Test_Burlakoff_bot [@Bot_Burlakoff_bot]
2024-03-12 00:56:39,784 - Updates were skipped successfully.
2024-03-12 00:56:39,784 - Start polling.
2024-03-12 00:56:45,528 - Ошибка при удалении выбранной монеты: 1292 (22007): Truncated incorrect DOUBLE value: 'Two_Пять рублей_2020_7_Отличное'
2024-03-12 00:57:45,468 - Stop polling...
2024-03-12 00:57:45,469 - Goodbye!
2024-03-12 00:57:46,154 - Приложение было перезапущено
2024-03-12 00:57:46,358 - Bot: Test_Burlakoff_bot [@Bot_Burlakoff_bot]
2024-03-12 00:57:46,479 - Updates were skipped successfully.
2024-03-12 00:57:46,479 - Start polling.
2024-03-12 00:58:28,650 - Stop polling...
2024-03-12 00:58:28,650 - Goodbye!
2024-03-12 00:58:29,461 - Приложение было перезапущено
2024-03-12 00:58:29,671 - Bot: Test_Burlakoff_bot [@Bot_Burlakoff_bot]
2024-03-12 00:58:29,814 - Updates were skipped successfully.
2024-03-12 00:58:29,814 - Start polling.
2024-03-12 00:59:20,100 - Stop polling...
2024-03-12 00:59:20,101 - Goodbye!
2024-03-12 00:59:20,778 - Приложение было перезапущено
2024-03-12 00:59:20,971 - Bot: Test_Burlakoff_bot [@Bot_Burlakoff_bot]
2024-03-12 00:59:21,112 - Updates were skipped successfully.
2024-03-12 00:59:21,112 - Start polling.
2024-03-12 01:00:07,454 - Stop polling...
2024-03-12 01:00:07,455 - Goodbye!
2024-03-12 01:00:08,260 - Приложение было перезапущено
2024-03-12 01:00:08,482 - Bot: Test_Burlakoff_bot [@Bot_Burlakoff_bot]
2024-03-12 01:00:08,599 - Updates were skipped successfully.
2024-03-12 01:00:08,599 - Start polling.
2024-03-12 01:00:48,398 - Stop polling...
2024-03-12 01:00:48,399 - Goodbye!
2024-03-12 01:00:49,073 - Приложение было перезапущено
2024-03-12 01:00:49,261 - Bot: Test_Burlakoff_bot [@Bot_Burlakoff_bot]
2024-03-12 01:00:49,375 - Updates were skipped successfully.
2024-03-12 01:00:49,375 - Start polling.
2024-03-12 01:38:02,329 - Stop polling...
2024-03-12 01:38:02,349 - Goodbye!
2024-03-13 01:41:38,480 - Приложение было перезапущено
2024-03-13 01:41:38,690 - Bot: Test_Burlakoff_bot [@Bot_Burlakoff_bot]
2024-03-13 01:41:38,813 - Updates were skipped successfully.
2024-03-13 01:41:38,814 - Start polling.
2024-03-13 01:41:42,700 - Пользователь wogl_1337 выбрал команду /help
2024-03-13 01:41:42,787 - команда /help отработана
2024-03-13 01:41:45,593 - Пользователь wogl_1337 выбрал команду /add_coin
2024-03-13 01:42:52,264 - команда /add_coin отработана
2024-03-13 01:44:15,192 - Stop polling...
2024-03-13 01:44:15,192 - Goodbye!
2024-03-13 01:44:16,053 - Приложение было перезапущено
2024-03-13 01:44:16,284 - Bot: Test_Burlakoff_bot [@Bot_Burlakoff_bot]
2024-03-13 01:44:16,407 - Updates were skipped successfully.
2024-03-13 01:44:16,407 - Start polling.
2024-03-13 01:44:19,945 - Пользователь wogl_1337 выбрал команду /add_coin
2024-03-13 01:44:43,862 - Ошибка в обработке команды /add_coin: 'NoneType' object is not subscriptable
2024-03-13 01:47:51,737 - Stop polling...
2024-03-13 01:47:51,738 - Goodbye!
2024-03-13 01:47:52,635 - Приложение было перезапущено
2024-03-13 01:47:52,846 - Bot: Test_Burlakoff_bot [@Bot_Burlakoff_bot]
2024-03-13 01:47:52,967 - Updates were skipped successfully.
2024-03-13 01:47:52,967 - Start polling.
2024-03-13 01:48:04,017 - Пользователь wogl_1337 выбрал команду /add_coin
2024-03-13 01:48:28,077 - Ошибка в обработке команды /add_coin: 'NoneType' object is not subscriptable
2024-03-13 01:49:37,588 - Stop polling...
2024-03-13 01:49:37,589 - Goodbye!
2024-03-13 01:49:38,393 - Приложение было перезапущено
2024-03-13 01:49:38,637 - Bot: Test_Burlakoff_bot [@Bot_Burlakoff_bot]
2024-03-13 01:49:38,755 - Updates were skipped successfully.
2024-03-13 01:49:38,755 - Start polling.
2024-03-13 01:49:41,888 - Пользователь wogl_1337 выбрал команду /add_coin
2024-03-13 01:50:04,363 - Ошибка в обработке команды /add_coin: 'NoneType' object is not subscriptable
2024-03-13 01:51:37,063 - Stop polling...
2024-03-13 01:51:37,064 - Goodbye!
2024-03-13 01:51:37,861 - Приложение было перезапущено
2024-03-13 01:51:38,070 - Bot: Test_Burlakoff_bot [@Bot_Burlakoff_bot]
2024-03-13 01:51:38,188 - Updates were skipped successfully.
2024-03-13 01:51:38,188 - Start polling.
2024-03-13 01:51:41,084 - Пользователь wogl_1337 выбрал команду /add_coin
2024-03-13 01:52:10,621 - команда /add_coin отработана
2024-03-13 01:53:55,498 - Stop polling...
2024-03-13 01:53:55,498 - Goodbye!
2024-03-13 01:53:56,344 - Приложение было перезапущено
2024-03-13 01:53:56,580 - Bot: Test_Burlakoff_bot [@Bot_Burlakoff_bot]
2024-03-13 01:53:56,699 - Updates were skipped successfully.
2024-03-13 01:53:56,700 - Start polling.
2024-03-13 01:53:57,980 - Пользователь wogl_1337 выбрал команду /add_coin
2024-03-13 01:54:23,367 - команда /add_coin отработана
2024-03-13 01:56:04,127 - Stop polling...
2024-03-13 01:56:04,127 - Goodbye!
2024-03-13 01:56:04,893 - Приложение было перезапущено
2024-03-13 01:56:05,097 - Bot: Test_Burlakoff_bot [@Bot_Burlakoff_bot]
2024-03-13 01:56:05,227 - Updates were skipped successfully.
2024-03-13 01:56:05,228 - Start polling.
2024-03-13 01:56:09,292 - Пользователь wogl_1337 выбрал команду /add_coin
2024-03-13 01:56:27,851 - команда /add_coin отработана
2024-03-13 02:01:01,032 - Stop polling...
2024-03-13 02:01:01,033 - Goodbye!
2024-03-13 02:01:01,830 - Приложение было перезапущено
2024-03-13 02:01:02,057 - Bot: Test_Burlakoff_bot [@Bot_Burlakoff_bot]
2024-03-13 02:01:02,168 - Updates were skipped successfully.
2024-03-13 02:01:02,168 - Start polling.
2024-03-13 02:01:03,722 - Пользователь wogl_1337 выбрал команду /add_coin
2024-03-13 02:01:16,119 - Ошибка в обработке команды /add_coin: Not enough parameters for the SQL statement
2024-03-13 02:03:35,057 - Stop polling...
2024-03-13 02:03:35,058 - Goodbye!
2024-03-13 02:03:35,780 - Приложение было перезапущено
2024-03-13 02:03:36,003 - Bot: Test_Burlakoff_bot [@Bot_Burlakoff_bot]
2024-03-13 02:03:36,117 - Updates were skipped successfully.
2024-03-13 02:03:36,118 - Start polling.
2024-03-13 02:03:56,627 - Stop polling...
2024-03-13 02:03:56,628 - Goodbye!
2024-03-13 02:03:57,340 - Приложение было перезапущено
2024-03-13 02:03:57,533 - Bot: Test_Burlakoff_bot [@Bot_Burlakoff_bot]
2024-03-13 02:03:57,665 - Updates were skipped successfully.
2024-03-13 02:03:57,666 - Start polling.
2024-03-13 02:03:58,797 - Пользователь wogl_1337 выбрал команду /add_coin
2024-03-13 02:04:22,252 - команда /add_coin отработана
2024-03-13 02:08:45,252 - Stop polling...
2024-03-13 02:08:45,252 - Goodbye!
2024-03-13 02:08:45,950 - Приложение было перезапущено
2024-03-13 02:08:46,148 - Bot: Test_Burlakoff_bot [@Bot_Burlakoff_bot]
2024-03-13 02:08:46,269 - Updates were skipped successfully.
2024-03-13 02:08:46,270 - Start polling.
2024-03-13 02:10:14,073 - Stop polling...
2024-03-13 02:10:14,073 - Goodbye!
2024-03-13 02:10:14,854 - Приложение было перезапущено
2024-03-13 02:10:15,068 - Bot: Test_Burlakoff_bot [@Bot_Burlakoff_bot]
2024-03-13 02:10:15,180 - Updates were skipped successfully.
2024-03-13 02:10:15,181 - Start polling.
2024-03-13 02:10:19,582 - Пользователь wogl_1337 выбрал команду /add_coin
2024-03-13 02:10:27,921 - Ошибка в обработке команды /add_coin: Not all parameters were used in the SQL statement
2024-03-13 02:13:07,197 - Stop polling...
2024-03-13 02:13:07,197 - Goodbye!
2024-03-13 02:13:07,926 - Приложение было перезапущено
2024-03-13 02:13:08,172 - Bot: Test_Burlakoff_bot [@Bot_Burlakoff_bot]
2024-03-13 02:13:08,283 - Updates were skipped successfully.
2024-03-13 02:13:08,283 - Start polling.
2024-03-13 02:13:10,637 - Пользователь wogl_1337 выбрал команду /add_coin
2024-03-13 02:13:15,742 - Ошибка в обработке команды /add_coin: name 'coin_name' is not defined
2024-03-13 02:13:54,051 - Stop polling...
2024-03-13 02:13:54,051 - Goodbye!
2024-03-13 02:13:54,744 - Приложение было перезапущено
2024-03-13 02:13:54,921 - Bot: Test_Burlakoff_bot [@Bot_Burlakoff_bot]
2024-03-13 02:13:55,033 - Updates were skipped successfully.
2024-03-13 02:13:55,034 - Start polling.
2024-03-13 02:13:56,461 - Пользователь wogl_1337 выбрал команду /add_coin
2024-03-13 02:14:02,463 - Ошибка в обработке команды /add_coin: name 'coin_name' is not defined
2024-03-13 02:14:28,999 - Stop polling...
2024-03-13 02:14:29,000 - Goodbye!
2024-03-13 02:14:29,739 - Приложение было перезапущено
2024-03-13 02:14:29,956 - Bot: Test_Burlakoff_bot [@Bot_Burlakoff_bot]
2024-03-13 02:14:30,077 - Updates were skipped successfully.
2024-03-13 02:14:30,077 - Start polling.
2024-03-13 02:14:32,311 - Пользователь wogl_1337 выбрал команду /add_coin
2024-03-13 02:14:51,966 - команда /add_coin отработана
2024-03-13 02:17:44,956 - Stop polling...
2024-03-13 02:17:44,956 - Goodbye!
2024-03-13 02:17:45,652 - Приложение было перезапущено
2024-03-13 02:17:45,858 - Bot: Test_Burlakoff_bot [@Bot_Burlakoff_bot]
2024-03-13 02:17:45,978 - Updates were skipped successfully.
2024-03-13 02:17:45,979 - Start polling.
2024-03-13 02:17:48,998 - Пользователь wogl_1337 выбрал команду /add_coin
2024-03-13 02:17:54,842 - Ошибка в обработке команды /add_coin: Not all parameters were used in the SQL statement
2024-03-13 02:22:02,040 - Stop polling...
2024-03-13 02:22:02,042 - Goodbye!
2024-03-13 02:22:02,718 - Приложение было перезапущено
2024-03-13 02:22:02,914 - Bot: Test_Burlakoff_bot [@Bot_Burlakoff_bot]
2024-03-13 02:22:03,028 - Updates were skipped successfully.
2024-03-13 02:22:03,029 - Start polling.
2024-03-13 02:22:06,163 - Пользователь wogl_1337 выбрал команду /add_coin
2024-03-13 02:22:23,706 - команда /add_coin отработана
2024-03-13 02:22:42,406 - Stop polling...
2024-03-13 02:22:42,407 - Goodbye!
2024-03-13 02:22:43,114 - Приложение было перезапущено
2024-03-13 02:22:43,296 - Bot: Test_Burlakoff_bot [@Bot_Burlakoff_bot]
2024-03-13 02:22:43,409 - Updates were skipped successfully.
2024-03-13 02:22:43,409 - Start polling.
2024-03-13 02:22:45,152 - Пользователь wogl_1337 выбрал команду /add_coin
2024-03-13 02:22:55,486 - Stop polling...
2024-03-13 02:22:55,487 - Goodbye!
2024-03-13 02:22:56,140 - Приложение было перезапущено
2024-03-13 02:22:56,315 - Bot: Test_Burlakoff_bot [@Bot_Burlakoff_bot]
2024-03-13 02:22:56,424 - Updates were skipped successfully.
2024-03-13 02:22:56,425 - Start polling.
2024-03-13 02:24:06,521 - Stop polling...
2024-03-13 02:24:06,522 - Goodbye!
2024-03-13 02:24:07,211 - Приложение было перезапущено
2024-03-13 02:24:07,396 - Bot: Test_Burlakoff_bot [@Bot_Burlakoff_bot]
2024-03-13 02:24:07,514 - Updates were skipped successfully.
2024-03-13 02:24:07,514 - Start polling.
2024-03-13 02:24:08,891 - Пользователь wogl_1337 выбрал команду /add_coin
2024-03-13 02:24:15,769 - Ошибка в обработке команды /add_coin: Not all parameters were used in the SQL statement
2024-03-13 02:25:04,469 - Stop polling...
2024-03-13 02:25:04,469 - Goodbye!
2024-03-13 02:25:05,185 - Приложение было перезапущено
2024-03-13 02:25:05,371 - Bot: Test_Burlakoff_bot [@Bot_Burlakoff_bot]
2024-03-13 02:25:05,495 - Updates were skipped successfully.
2024-03-13 02:25:05,495 - Start polling.
2024-03-13 02:25:08,354 - Пользователь wogl_1337 выбрал команду /add_coin
2024-03-13 02:25:27,802 - команда /add_coin отработана
2024-03-13 02:26:37,760 - Stop polling...
2024-03-13 02:26:37,761 - Goodbye!
2024-03-13 02:26:38,464 - Приложение было перезапущено
2024-03-13 02:26:38,669 - Bot: Test_Burlakoff_bot [@Bot_Burlakoff_bot]
2024-03-13 02:26:38,789 - Updates were skipped successfully.
2024-03-13 02:26:38,789 - Start polling.
2024-03-13 02:26:54,041 - Stop polling...
2024-03-13 02:26:54,042 - Goodbye!
2024-03-13 02:26:54,751 - Приложение было перезапущено
2024-03-13 02:26:54,950 - Bot: Test_Burlakoff_bot [@Bot_Burlakoff_bot]
2024-03-13 02:26:55,142 - Updates were skipped successfully.
2024-03-13 02:26:55,143 - Start polling.
2024-03-13 02:26:59,445 - Пользователь wogl_1337 выбрал команду /add_coin
2024-03-13 02:27:21,495 - Ошибка в обработке команды /add_coin: Python type tuple cannot be converted
2024-03-13 02:27:53,761 - Stop polling...
2024-03-13 02:27:53,761 - Goodbye!
2024-03-13 02:27:54,457 - Приложение было перезапущено
2024-03-13 02:27:54,682 - Bot: Test_Burlakoff_bot [@Bot_Burlakoff_bot]
2024-03-13 02:27:54,806 - Updates were skipped successfully.
2024-03-13 02:27:54,807 - Start polling.
2024-03-13 02:27:56,195 - Пользователь wogl_1337 выбрал команду /add_coin
2024-03-13 02:28:22,262 - команда /add_coin отработана
2024-03-13 02:46:01,174 - Stop polling...
2024-03-13 02:46:01,175 - Goodbye!
2024-03-13 02:46:01,885 - Приложение было перезапущено
2024-03-13 02:46:02,097 - Bot: Test_Burlakoff_bot [@Bot_Burlakoff_bot]
2024-03-13 02:46:02,212 - Updates were skipped successfully.
2024-03-13 02:46:02,212 - Start polling.
2024-03-13 02:46:05,729 - Пользователь wogl_1337 выбрал команду /add_coin
2024-03-13 02:46:29,607 - команда /add_coin отработана
2024-03-13 02:50:50,651 - Stop polling...
2024-03-13 02:50:50,652 - Goodbye!
2024-03-13 02:50:51,347 - Приложение было перезапущено
2024-03-13 02:50:51,552 - Bot: Test_Burlakoff_bot [@Bot_Burlakoff_bot]
2024-03-13 02:50:51,670 - Updates were skipped successfully.
2024-03-13 02:50:51,670 - Start polling.
2024-03-13 02:51:03,135 - Пользователь wogl_1337 выбрал команду /help
2024-03-13 02:51:03,214 - команда /help отработана
2024-03-13 02:51:05,929 - Пользователь wogl_1337 выбрал команду /delete_collection
2024-03-13 02:51:07,646 - Ошибка в обработке команды /delete_collection: Python type tuple cannot be converted
2024-03-13 02:51:24,565 - Stop polling...
2024-03-13 02:51:24,565 - Goodbye!
2024-03-13 02:51:25,266 - Приложение было перезапущено
2024-03-13 02:51:25,478 - Bot: Test_Burlakoff_bot [@Bot_Burlakoff_bot]
2024-03-13 02:51:25,596 - Updates were skipped successfully.
2024-03-13 02:51:25,597 - Start polling.
2024-03-13 02:51:28,971 - Пользователь wogl_1337 выбрал команду /help
2024-03-13 02:51:29,056 - команда /help отработана
2024-03-13 02:51:32,956 - Пользователь wogl_1337 выбрал команду /delete_collection
2024-03-13 02:51:34,155 - команда /delete_collection отработана
2024-03-13 02:51:49,114 - Пользователь wogl_1337 выбрал команду /create_collection
2024-03-13 02:51:53,577 - команда /create_collection отработана
2024-03-13 03:09:39,986 - Пользователь wogl_1337 выбрал команду /help
2024-03-13 03:09:40,074 - команда /help отработана
2024-03-13 03:13:32,454 - Stop polling...
2024-03-13 03:13:32,454 - Goodbye!
